
*** Running vivado
    with args -log design_1_clock_div_112500_0_0.vds -m64 -product Vivado -mode batch -messageDb vivado.pb -notrace -source design_1_clock_div_112500_0_0.tcl


****** Vivado v2018.2 (64-bit)
  **** SW Build 2258646 on Thu Jun 14 20:02:38 MDT 2018
  **** IP Build 2256618 on Thu Jun 14 22:10:49 MDT 2018
    ** Copyright 1986-2018 Xilinx, Inc. All Rights Reserved.

source design_1_clock_div_112500_0_0.tcl -notrace
Command: synth_design -top design_1_clock_div_112500_0_0 -part xc7z010clg400-1 -mode out_of_context
Starting synth_design
Attempting to get a license for feature 'Synthesis' and/or device 'xc7z010'
INFO: [Common 17-349] Got license for feature 'Synthesis' and/or device 'xc7z010'
INFO: Launching helper process for spawning children vivado processes
INFO: Helper process launched with PID 11166 
---------------------------------------------------------------------------------
Starting RTL Elaboration : Time (s): cpu = 00:00:01 ; elapsed = 00:00:02 . Memory (MB): peak = 1286.898 ; gain = 87.891 ; free physical = 7873 ; free virtual = 25861
---------------------------------------------------------------------------------
INFO: [Synth 8-638] synthesizing module 'design_1_clock_div_112500_0_0' [/home/user/Downloads/embeddedLabs/lab_5/lab_5/lab_5.srcs/sources_1/bd/design_1/ip/design_1_clock_div_112500_0_0/synth/design_1_clock_div_112500_0_0.vhd:63]
INFO: [Synth 8-3491] module 'clock_div_112500' declared at '/home/user/Downloads/embeddedLabs/lab_5/clock_div_115200.vhd:34' bound to instance 'U0' of component 'clock_div_112500' [/home/user/Downloads/embeddedLabs/lab_5/lab_5/lab_5.srcs/sources_1/bd/design_1/ip/design_1_clock_div_112500_0_0/synth/design_1_clock_div_112500_0_0.vhd:85]
INFO: [Synth 8-638] synthesizing module 'clock_div_112500' [/home/user/Downloads/embeddedLabs/lab_5/clock_div_115200.vhd:40]
INFO: [Synth 8-256] done synthesizing module 'clock_div_112500' (1#1) [/home/user/Downloads/embeddedLabs/lab_5/clock_div_115200.vhd:40]
INFO: [Synth 8-256] done synthesizing module 'design_1_clock_div_112500_0_0' (2#1) [/home/user/Downloads/embeddedLabs/lab_5/lab_5/lab_5.srcs/sources_1/bd/design_1/ip/design_1_clock_div_112500_0_0/synth/design_1_clock_div_112500_0_0.vhd:63]
---------------------------------------------------------------------------------
Finished RTL Elaboration : Time (s): cpu = 00:00:02 ; elapsed = 00:00:03 . Memory (MB): peak = 1330.523 ; gain = 131.516 ; free physical = 7751 ; free virtual = 25739
---------------------------------------------------------------------------------

Report Check Netlist: 
+------+------------------+-------+---------+-------+------------------+
|      |Item              |Errors |Warnings |Status |Description       |
+------+------------------+-------+---------+-------+------------------+
|1     |multi_driven_nets |      0|        0|Passed |Multi driven nets |
+------+------------------+-------+---------+-------+------------------+
---------------------------------------------------------------------------------
Start Handling Custom Attributes
---------------------------------------------------------------------------------
---------------------------------------------------------------------------------
Finished Handling Custom Attributes : Time (s): cpu = 00:00:02 ; elapsed = 00:00:03 . Memory (MB): peak = 1330.523 ; gain = 131.516 ; free physical = 7738 ; free virtual = 25726
---------------------------------------------------------------------------------
---------------------------------------------------------------------------------
Finished RTL Optimization Phase 1 : Time (s): cpu = 00:00:02 ; elapsed = 00:00:03 . Memory (MB): peak = 1330.523 ; gain = 131.516 ; free physical = 7738 ; free virtual = 25726
---------------------------------------------------------------------------------
INFO: [Device 21-403] Loading part xc7z010clg400-1
INFO: [Project 1-570] Preparing netlist for logic optimization

Processing XDC Constraints
Initializing timing engine
Completed Processing XDC Constraints

INFO: [Project 1-111] Unisim Transformation Summary:
No Unisim elements were transformed.

WARNING: [Constraints 18-5210] No constraint will be written out.
Constraint Validation Runtime : Time (s): cpu = 00:00:00.07 ; elapsed = 00:00:00.13 . Memory (MB): peak = 1643.176 ; gain = 1.000 ; free physical = 7084 ; free virtual = 25072
---------------------------------------------------------------------------------
Finished Constraint Validation : Time (s): cpu = 00:00:09 ; elapsed = 00:00:28 . Memory (MB): peak = 1643.176 ; gain = 444.168 ; free physical = 7018 ; free virtual = 25006
---------------------------------------------------------------------------------
---------------------------------------------------------------------------------
Start Loading Part and Timing Information
---------------------------------------------------------------------------------
Loading part: xc7z010clg400-1
---------------------------------------------------------------------------------
Finished Loading Part and Timing Information : Time (s): cpu = 00:00:09 ; elapsed = 00:00:28 . Memory (MB): peak = 1643.176 ; gain = 444.168 ; free physical = 7018 ; free virtual = 25006
---------------------------------------------------------------------------------
---------------------------------------------------------------------------------
Start Applying 'set_property' XDC Constraints
---------------------------------------------------------------------------------
---------------------------------------------------------------------------------
Finished applying 'set_property' XDC Constraints : Time (s): cpu = 00:00:09 ; elapsed = 00:00:28 . Memory (MB): peak = 1643.176 ; gain = 444.168 ; free physical = 7019 ; free virtual = 25007
---------------------------------------------------------------------------------
---------------------------------------------------------------------------------
Finished RTL Optimization Phase 2 : Time (s): cpu = 00:00:09 ; elapsed = 00:00:28 . Memory (MB): peak = 1643.176 ; gain = 444.168 ; free physical = 7007 ; free virtual = 24994
---------------------------------------------------------------------------------

Report RTL Partitions: 
+-+--------------+------------+----------+
| |RTL Partition |Replication |Instances |
+-+--------------+------------+----------+
+-+--------------+------------+----------+
---------------------------------------------------------------------------------
Start RTL Component Statistics 
---------------------------------------------------------------------------------
Detailed RTL Component Info : 
+---Adders : 
	   2 Input     11 Bit       Adders := 1     
+---Registers : 
	               11 Bit    Registers := 1     
	                1 Bit    Registers := 1     
---------------------------------------------------------------------------------
Finished RTL Component Statistics 
---------------------------------------------------------------------------------
---------------------------------------------------------------------------------
Start RTL Hierarchical Component Statistics 
---------------------------------------------------------------------------------
Hierarchical RTL Component report 
Module clock_div_112500 
Detailed RTL Component Info : 
+---Adders : 
	   2 Input     11 Bit       Adders := 1     
+---Registers : 
	               11 Bit    Registers := 1     
	                1 Bit    Registers := 1     
---------------------------------------------------------------------------------
Finished RTL Hierarchical Component Statistics
---------------------------------------------------------------------------------
---------------------------------------------------------------------------------
Start Part Resource Summary
---------------------------------------------------------------------------------
Part Resources:
DSPs: 80 (col length:40)
BRAMs: 120 (col length: RAMB18 40 RAMB36 20)
---------------------------------------------------------------------------------
Finished Part Resource Summary
---------------------------------------------------------------------------------
---------------------------------------------------------------------------------
Start Cross Boundary and Area Optimization
---------------------------------------------------------------------------------
Warning: Parallel synthesis criteria is not met 
---------------------------------------------------------------------------------
Finished Cross Boundary and Area Optimization : Time (s): cpu = 00:00:10 ; elapsed = 00:00:28 . Memory (MB): peak = 1643.176 ; gain = 444.168 ; free physical = 7062 ; free virtual = 25049
---------------------------------------------------------------------------------

Report RTL Partitions: 
+-+--------------+------------+----------+
| |RTL Partition |Replication |Instances |
+-+--------------+------------+----------+
+-+--------------+------------+----------+
---------------------------------------------------------------------------------
Start Applying XDC Timing Constraints
---------------------------------------------------------------------------------
---------------------------------------------------------------------------------
Finished Applying XDC Timing Constraints : Time (s): cpu = 00:00:15 ; elapsed = 00:00:36 . Memory (MB): peak = 1643.176 ; gain = 444.168 ; free physical = 6687 ; free virtual = 24674
---------------------------------------------------------------------------------
---------------------------------------------------------------------------------
Start Timing Optimization
---------------------------------------------------------------------------------
---------------------------------------------------------------------------------
Finished Timing Optimization : Time (s): cpu = 00:00:15 ; elapsed = 00:00:36 . Memory (MB): peak = 1643.176 ; gain = 444.168 ; free physical = 6686 ; free virtual = 24673
---------------------------------------------------------------------------------

Report RTL Partitions: 
+-+--------------+------------+----------+
| |RTL Partition |Replication |Instances |
+-+--------------+------------+----------+
+-+--------------+------------+----------+
---------------------------------------------------------------------------------
Start Technology Mapping
---------------------------------------------------------------------------------
---------------------------------------------------------------------------------
Finished Technology Mapping : Time (s): cpu = 00:00:15 ; elapsed = 00:00:36 . Memory (MB): peak = 1643.176 ; gain = 444.168 ; free physical = 6682 ; free virtual = 24670
---------------------------------------------------------------------------------

Report RTL Partitions: 
+-+--------------+------------+----------+
| |RTL Partition |Replication |Instances |
+-+--------------+------------+----------+
+-+--------------+------------+----------+
---------------------------------------------------------------------------------
Start IO Insertion
---------------------------------------------------------------------------------
---------------------------------------------------------------------------------
Start Flattening Before IO Insertion
---------------------------------------------------------------------------------
---------------------------------------------------------------------------------
Finished Flattening Before IO Insertion
---------------------------------------------------------------------------------
---------------------------------------------------------------------------------
Start Final Netlist Cleanup
---------------------------------------------------------------------------------
---------------------------------------------------------------------------------
Finished Final Netlist Cleanup
---------------------------------------------------------------------------------
---------------------------------------------------------------------------------
Finished IO Insertion : Time (s): cpu = 00:00:15 ; elapsed = 00:00:37 . Memory (MB): peak = 1643.176 ; gain = 444.168 ; free physical = 6705 ; free virtual = 24693
---------------------------------------------------------------------------------

Report Check Netlist: 
+------+------------------+-------+---------+-------+------------------+
|      |Item              |Errors |Warnings |Status |Description       |
+------+------------------+-------+---------+-------+------------------+
|1     |multi_driven_nets |      0|        0|Passed |Multi driven nets |
+------+------------------+-------+---------+-------+------------------+
---------------------------------------------------------------------------------
Start Renaming Generated Instances
---------------------------------------------------------------------------------
---------------------------------------------------------------------------------
Finished Renaming Generated Instances : Time (s): cpu = 00:00:15 ; elapsed = 00:00:37 . Memory (MB): peak = 1643.176 ; gain = 444.168 ; free physical = 6705 ; free virtual = 24693
---------------------------------------------------------------------------------

Report RTL Partitions: 
+-+--------------+------------+----------+
| |RTL Partition |Replication |Instances |
+-+--------------+------------+----------+
+-+--------------+------------+----------+
---------------------------------------------------------------------------------
Start Rebuilding User Hierarchy
---------------------------------------------------------------------------------
---------------------------------------------------------------------------------
Finished Rebuilding User Hierarchy : Time (s): cpu = 00:00:15 ; elapsed = 00:00:37 . Memory (MB): peak = 1643.176 ; gain = 444.168 ; free physical = 6705 ; free virtual = 24693
---------------------------------------------------------------------------------
---------------------------------------------------------------------------------
Start Renaming Generated Ports
---------------------------------------------------------------------------------
---------------------------------------------------------------------------------
Finished Renaming Generated Ports : Time (s): cpu = 00:00:15 ; elapsed = 00:00:37 . Memory (MB): peak = 1643.176 ; gain = 444.168 ; free physical = 6705 ; free virtual = 24693
---------------------------------------------------------------------------------
---------------------------------------------------------------------------------
Start Handling Custom Attributes
---------------------------------------------------------------------------------
---------------------------------------------------------------------------------
Finished Handling Custom Attributes : Time (s): cpu = 00:00:15 ; elapsed = 00:00:37 . Memory (MB): peak = 1643.176 ; gain = 444.168 ; free physical = 6707 ; free virtual = 24695
---------------------------------------------------------------------------------
---------------------------------------------------------------------------------
Start Renaming Generated Nets
---------------------------------------------------------------------------------
---------------------------------------------------------------------------------
Finished Renaming Generated Nets : Time (s): cpu = 00:00:15 ; elapsed = 00:00:37 . Memory (MB): peak = 1643.176 ; gain = 444.168 ; free physical = 6707 ; free virtual = 24694
---------------------------------------------------------------------------------
---------------------------------------------------------------------------------
Start Writing Synthesis Report
---------------------------------------------------------------------------------

Report BlackBoxes: 
+-+--------------+----------+
| |BlackBox name |Instances |
+-+--------------+----------+
+-+--------------+----------+

Report Cell Usage: 
+------+-----+------+
|      |Cell |Count |
+------+-----+------+
|1     |LUT1 |     1|
|2     |LUT2 |     2|
|3     |LUT3 |     2|
|4     |LUT4 |     2|
|5     |LUT5 |     2|
|6     |LUT6 |     5|
|7     |FDRE |    12|
+------+-----+------+

Report Instance Areas: 
+------+---------+-----------------+------+
|      |Instance |Module           |Cells |
+------+---------+-----------------+------+
|1     |top      |                 |    26|
|2     |  U0     |clock_div_112500 |    26|
+------+---------+-----------------+------+
---------------------------------------------------------------------------------
Finished Writing Synthesis Report : Time (s): cpu = 00:00:15 ; elapsed = 00:00:37 . Memory (MB): peak = 1643.176 ; gain = 444.168 ; free physical = 6706 ; free virtual = 24694
---------------------------------------------------------------------------------
Synthesis finished with 0 errors, 0 critical warnings and 0 warnings.
Synthesis Optimization Runtime : Time (s): cpu = 00:00:09 ; elapsed = 00:00:14 . Memory (MB): peak = 1643.176 ; gain = 131.516 ; free physical = 6762 ; free virtual = 24750
Synthesis Optimization Complete : Time (s): cpu = 00:00:15 ; elapsed = 00:00:37 . Memory (MB): peak = 1643.176 ; gain = 444.168 ; free physical = 6762 ; free virtual = 24750
INFO: [Project 1-571] Translating synthesized netlist
INFO: [Project 1-570] Preparing netlist for logic optimization
INFO: [Opt 31-138] Pushed 0 inverter(s) to 0 load pin(s).
INFO: [Project 1-111] Unisim Transformation Summary:
No Unisim elements were transformed.

INFO: [Common 17-83] Releasing license: Synthesis
14 Infos, 1 Warnings, 0 Critical Warnings and 0 Errors encountered.
synth_design completed successfully
synth_design: Time (s): cpu = 00:00:17 ; elapsed = 00:00:38 . Memory (MB): peak = 1668.207 ; gain = 481.762 ; free physical = 7225 ; free virtual = 25212
WARNING: [Constraints 18-5210] No constraint will be written out.
INFO: [Common 17-1381] The checkpoint '/home/user/Downloads/embeddedLabs/lab_5/lab_5/lab_5.runs/design_1_clock_div_112500_0_0_synth_1/design_1_clock_div_112500_0_0.dcp' has been generated.
WARNING: [Constraints 18-5210] No constraint will be written out.
INFO: [Common 17-1381] The checkpoint '/home/user/Downloads/embeddedLabs/lab_5/lab_5/lab_5.runs/design_1_clock_div_112500_0_0_synth_1/design_1_clock_div_112500_0_0.dcp' has been generated.
INFO: [runtcl-4] Executing : report_utilization -file design_1_clock_div_112500_0_0_utilization_synth.rpt -pb design_1_clock_div_112500_0_0_utilization_synth.pb
report_utilization: Time (s): cpu = 00:00:00.05 ; elapsed = 00:00:00.07 . Memory (MB): peak = 1692.219 ; gain = 0.000 ; free physical = 7271 ; free virtual = 25258
INFO: [Common 17-206] Exiting Vivado at Wed Dec  5 13:19:50 2018...
